<?xml version="1.0" encoding="UTF-8"?>
<testng-results ignored="0" total="1" passed="1" failed="0" skipped="0">
  <reporter-output>
  </reporter-output>
  <suite started-at="2024-03-05T10:08:19 IST" name="Suite" finished-at="2024-03-05T10:08:30 IST" duration-ms="11505">
    <groups>
    </groups>
    <test started-at="2024-03-05T10:08:19 IST" name="Test" finished-at="2024-03-05T10:08:30 IST" duration-ms="11505">
      <class name="facebook.SignUpFacebook">
        <test-method is-config="true" signature="BeforeSuiteTest()[pri:0, instance:facebook.SignUpFacebook@158a8276]" started-at="2024-03-05T10:08:19 IST" name="BeforeSuiteTest" finished-at="2024-03-05T10:08:19 IST" duration-ms="33" status="PASS">
          <reporter-output>
          </reporter-output>
        </test-method> <!-- BeforeSuiteTest -->
        <test-method is-config="true" signature="BeforeTestTest()[pri:0, instance:facebook.SignUpFacebook@158a8276]" started-at="2024-03-05T10:08:19 IST" name="BeforeTestTest" finished-at="2024-03-05T10:08:19 IST" duration-ms="2" status="PASS">
          <reporter-output>
          </reporter-output>
        </test-method> <!-- BeforeTestTest -->
        <test-method is-config="true" signature="BeforeClassTest()[pri:0, instance:facebook.SignUpFacebook@158a8276]" started-at="2024-03-05T10:08:19 IST" name="BeforeClassTest" finished-at="2024-03-05T10:08:24 IST" duration-ms="4998" status="PASS">
          <reporter-output>
          </reporter-output>
        </test-method> <!-- BeforeClassTest -->
        <test-method is-config="true" signature="BeforeMethodTest()[pri:0, instance:facebook.SignUpFacebook@158a8276]" started-at="2024-03-05T10:08:24 IST" name="BeforeMethodTest" finished-at="2024-03-05T10:08:26 IST" duration-ms="1640" status="PASS">
          <reporter-output>
          </reporter-output>
        </test-method> <!-- BeforeMethodTest -->
        <test-method signature="channaTest()[pri:0, instance:facebook.SignUpFacebook@158a8276]" started-at="2024-03-05T10:08:26 IST" name="channaTest" finished-at="2024-03-05T10:08:30 IST" duration-ms="3970" status="PASS">
          <reporter-output>
          </reporter-output>
        </test-method> <!-- channaTest -->
        <test-method is-config="true" signature="AfterClassTest()[pri:0, instance:facebook.SignUpFacebook@158a8276]" started-at="2024-03-05T10:08:30 IST" name="AfterClassTest" finished-at="2024-03-05T10:08:30 IST" duration-ms="781" status="PASS">
          <reporter-output>
          </reporter-output>
        </test-method> <!-- AfterClassTest -->
        <test-method is-config="true" signature="AfterMethodTest()[pri:0, instance:facebook.SignUpFacebook@158a8276]" started-at="2024-03-05T10:08:30 IST" name="AfterMethodTest" finished-at="2024-03-05T10:08:30 IST" duration-ms="0" status="PASS">
          <reporter-output>
          </reporter-output>
        </test-method> <!-- AfterMethodTest -->
        <test-method is-config="true" signature="AfterSuiteTest()[pri:0, instance:facebook.SignUpFacebook@158a8276]" started-at="2024-03-05T10:08:30 IST" name="AfterSuiteTest" finished-at="2024-03-05T10:08:30 IST" duration-ms="2" status="PASS">
          <reporter-output>
          </reporter-output>
        </test-method> <!-- AfterSuiteTest -->
      </class> <!-- facebook.SignUpFacebook -->
    </test> <!-- Test -->
  </suite> <!-- Suite -->
</testng-results>
